client1,LOCAL_CHUNKS,1,localhost,5001
client1,LOCAL_CHUNKS,2,localhost,5001
P2PTracker,CHUNK_LOCATION_UNKNOWN,3
client2,LOCAL_CHUNKS,2,localhost,5002
client1,WHERE_CHUNK,3
client2,LOCAL_CHUNKS,3,localhost,5002
P2PTracker,GET_CHUNK_FROM,1,localhost,5001,localhost,5003
client3,LOCAL_CHUNKS,1,localhost,5003
client2,WHERE_CHUNK,1
client2,REQUEST_CHUNK,1,localhost,5001
client2,LOCAL_CHUNKS,1,localhost,5002
client3,LOCAL_CHUNKS,3,localhost,5003
P2PTracker,GET_CHUNK_FROM,2,localhost,5001,localhost,5002
P2PTracker,GET_CHUNK_FROM,3,localhost,5002,localhost,5003
client3,WHERE_CHUNK,2
client3,REQUEST_CHUNK,2,localhost,5001
client3,LOCAL_CHUNKS,2,localhost,5003
client1,WHERE_CHUNK,3
client1,REQUEST_CHUNK,3,localhost,5002
client1,LOCAL_CHUNKS,3,localhost,5001
